USC00110072.txt	0.89	0.22	0.26
USC00110187.txt	0.52	0.58	0.48
USC00110338.txt	0.59	0.25	0.23
USC00111280.txt	0.94	0.72	0.56
USC00111436.txt	0.94	0.62	0.45
USC00112140.txt	0.86	-0.05	0.05
USC00112193.txt	0.83	0.43	0.42
USC00112348.txt	0.58	0.08	0.09
USC00112483.txt	0.98	0.24	0.15
USC00113335.txt	0.85	0.18	0.16
USC00113879.txt	0.90	0.21	0.28
USC00114108.txt	0.91	0.36	0.30
USC00114198.txt	0.98	0.30	0.28
USC00114442.txt	0.99	-0.56	-0.63
USC00114823.txt	0.90	0.40	0.19
USC00115079.txt	0.93	-0.05	-0.05
USC00115326.txt	0.98	0.16	0.19
USC00115515.txt	0.98	0.41	0.27
USC00115712.txt	0.91	0.46	0.17
USC00115768.txt	0.88	0.76	0.56
USC00115833.txt	-0.19	0.35	0.46
USC00115901.txt	0.30	0.92	0.28
USC00115943.txt	0.96	0.73	0.73
USC00116446.txt	0.98	0.10	0.11
USC00116526.txt	0.92	0.28	0.20
USC00116558.txt	0.98	-0.34	-0.34
USC00116579.txt	0.93	0.97	0.83
USC00116610.txt	0.92	0.29	0.27
USC00116738.txt	0.88	0.25	0.26
USC00116910.txt	0.99	0.82	0.83
USC00117551.txt	0.85	0.13	0.18
USC00118147.txt	0.97	0.96	0.87
USC00118740.txt	0.99	0.07	0.07
USC00118916.txt	0.72	0.23	0.32
USC00119241.txt	0.94	0.45	0.26
USC00119354.txt	0.96	0.68	0.64
USC00120177.txt	0.90	0.24	0.22
USC00120200.txt	0.89	0.33	0.18
USC00120676.txt	0.90	0.72	0.38
USC00120784.txt	0.93	-0.08	-0.16
USC00121030.txt	0.87	0.14	0.21
USC00121229.txt	0.87	-0.09	-0.09
USC00121425.txt	0.99	0.28	0.32
USC00121747.txt	0.96	0.33	0.14
USC00121873.txt	0.88	0.34	-0.02
USC00122149.txt	0.90	0.46	0.32
USC00123418.txt	0.91	0.32	0.14
USC00123513.txt	0.92	0.58	0.44
USC00123527.txt	0.77	-0.01	-0.09
USC00124008.txt	0.76	0.12	0.29
USC00124181.txt	0.63	0.80	0.63
USC00124837.txt	0.90	-0.13	-0.16
USC00125237.txt	0.97	-0.07	-0.12
USC00125337.txt	0.95	0.09	0.12
USC00126001.txt	0.95	0.61	0.45
USC00126580.txt	0.91	0.06	-0.08
USC00126705.txt	0.80	0.06	0.15
USC00127125.txt	0.97	0.52	0.34
USC00127298.txt	0.92	0.02	0.07
USC00127482.txt	0.90	-0.03	0.02
USC00127522.txt	0.92	0.98	0.84
USC00127646.txt	0.90	0.40	0.24
USC00127755.txt	0.91	0.44	0.31
USC00127875.txt	0.92	0.69	0.62
USC00127935.txt	0.89	0.50	0.34
USC00128036.txt	0.90	0.56	0.42
USC00129080.txt	0.87	0.13	-0.21
USC00129113.txt	0.98	0.00	-0.14
USC00129253.txt	0.06	-0.02	0.19
USC00129511.txt	1.00	0.52	0.53
USC00129557.txt	0.84	0.51	0.20
USC00129670.txt	0.79	0.19	0.06
USC00130112.txt	0.22	0.17	0.41
USC00130133.txt	0.57	0.41	0.28
USC00130600.txt	0.69	-0.04	-0.03
USC00131402.txt	0.60	0.69	0.28
USC00131533.txt	0.71	-0.03	-0.12
USC00131635.txt	0.93	0.09	0.01
USC00132724.txt	0.83	0.88	0.70
USC00132789.txt	0.54	0.29	0.02
USC00132864.txt	0.66	-0.01	-0.20
USC00132977.txt	-0.26	0.23	0.28
USC00132999.txt	0.73	0.25	0.33
USC00134063.txt	0.59	0.32	0.83
USC00134142.txt	0.95	-0.06	-0.05
USC00134735.txt	0.81	0.03	0.09
USC00134894.txt	0.79	0.11	-0.08
USC00135769.txt	0.90	0.17	0.29
USC00135796.txt	0.01	0.08	0.11
USC00135952.txt	0.46	0.22	0.31
USC00137147.txt	-0.17	0.17	-0.01
USC00137161.txt	0.80	0.62	0.51
USC00137979.txt	0.83	0.01	0.15
USC00138296.txt	0.44	0.08	-0.19
USC00138688.txt	0.90	0.05	-0.06
USC00250070.txt	0.98	0.13	0.17
USC00250130.txt	0.90	0.50	0.56
USC00250375.txt	0.88	0.39	0.14
USC00250420.txt	0.78	0.68	0.54
USC00250435.txt	0.98	-0.34	-0.32
USC00250622.txt	0.97	-0.05	-0.09
USC00250640.txt	0.95	0.05	0.03
USC00251145.txt	0.62	0.99	0.57
USC00251200.txt	0.36	0.07	0.13
USC00252020.txt	0.91	0.60	0.55
USC00252100.txt	0.92	0.05	0.20
USC00252205.txt	0.63	0.55	0.07
USC00252820.txt	0.86	0.69	0.32
USC00252840.txt	0.92	0.36	0.18
USC00253035.txt	0.88	0.02	0.16
USC00253175.txt	0.98	0.10	0.11
USC00253185.txt	0.97	0.19	0.11
USC00253365.txt	0.81	-0.12	-0.14
USC00253615.txt	0.39	0.09	0.02
USC00253630.txt	-0.03	0.24	-0.79
USC00253660.txt	0.72	-0.20	-0.19
USC00253715.txt	0.68	0.21	0.23
USC00253735.txt	0.88	0.51	0.49
USC00253910.txt	0.96	-0.13	-0.15
USC00254110.txt	0.96	0.32	0.37
USC00254440.txt	0.10	0.03	-0.01
USC00254900.txt	-0.18	0.34	0.01
USC00254985.txt	0.77	0.49	0.56
USC00255080.txt	0.82	0.04	-0.04
USC00255310.txt	0.64	0.66	0.54
USC00255470.txt	0.58	0.64	0.47
USC00255565.txt	0.85	0.61	0.27
USC00256040.txt	0.96	-0.10	-0.11
USC00256135.txt	0.91	-0.04	-0.09
USC00256570.txt	1.00	-0.06	-0.03
USC00256970.txt	0.93	0.06	0.02
USC00257070.txt	-0.37	-0.07	0.24
USC00257515.txt	0.98	-0.08	-0.07
USC00257715.txt	0.94	0.14	0.04
USC00258133.txt	-0.63	0.48	-0.35
USC00258395.txt	0.60	0.47	0.07
USC00258465.txt	0.97	-0.11	-0.15
USC00258480.txt	0.97	0.31	0.29
USC00258915.txt	0.82	0.75	0.28
USC00259090.txt	0.87	0.01	-0.02
USC00259510.txt	0.95	0.21	0.14
USC00331072.txt	0.94	0.99	0.93
USC00331152.txt	0.47	0.11	0.36
USC00331541.txt	0.84	0.54	0.36
USC00331592.txt	0.90	0.43	0.35
USC00331890.txt	0.98	0.21	0.18
USC00332098.txt	0.94	0.78	0.88
USC00332119.txt	0.94	0.94	0.86
USC00332791.txt	0.99	-0.25	-0.19
USC00333375.txt	0.81	0.61	0.30
USC00333758.txt	0.93	0.82	0.63
USC00333780.txt	0.77	-0.10	-0.08
USC00334189.txt	0.78	0.65	0.59
USC00335041.txt	0.97	0.89	0.88
USC00335297.txt	0.50	-0.14	-0.06
USC00335315.txt	0.97	0.44	0.29
USC00336118.txt	0.89	-0.09	-0.04
USC00336196.txt	0.99	0.81	0.80
USC00336600.txt	0.93	0.33	0.05
USC00336781.txt	0.69	0.85	0.49
USC00338313.txt	0.64	0.02	-0.02
USC00338534.txt	0.70	0.38	0.64
USC00338552.txt	0.89	0.77	0.63
USC00338769.txt	0.87	-0.18	-0.21
USC00338822.txt	0.30	-0.06	0.13
USC00338830.txt	1.00	0.14	0.16
USC00339312.txt	0.99	-0.23	-0.22
