USC00110072.txt	189
USC00110187.txt	79
USC00110338.txt	28
USC00111280.txt	190
USC00111436.txt	206
USC00112140.txt	48
USC00112193.txt	211
USC00112348.txt	450
USC00112483.txt	11
USC00113335.txt	928
USC00113879.txt	542
USC00114108.txt	1109
USC00114198.txt	33
USC00114442.txt	16
USC00114823.txt	17
USC00115079.txt	846
USC00115326.txt	322
USC00115515.txt	6
USC00115712.txt	29
USC00115768.txt	93
USC00115833.txt	443
USC00115901.txt	30
USC00115943.txt	51
USC00116446.txt	128
USC00116526.txt	106
USC00116558.txt	49
USC00116579.txt	332
USC00116610.txt	60
USC00116738.txt	436
USC00116910.txt	60
USC00117551.txt	381
USC00118147.txt	689
USC00118740.txt	20
USC00118916.txt	931
USC00119241.txt	22
USC00119354.txt	168
USC00120177.txt	45
USC00120200.txt	13
USC00120676.txt	96
USC00120784.txt	92
USC00121030.txt	20
USC00121229.txt	29
USC00121425.txt	410
USC00121747.txt	62
USC00121873.txt	190
USC00122149.txt	111
USC00123418.txt	148
USC00123513.txt	53
USC00123527.txt	32
USC00124008.txt	610
USC00124181.txt	76
USC00124837.txt	19
USC00125237.txt	58
USC00125337.txt	140
USC00126001.txt	169
USC00126580.txt	31
USC00126705.txt	755
USC00127125.txt	88
USC00127298.txt	1226
USC00127482.txt	4
USC00127522.txt	402
USC00127646.txt	247
USC00127755.txt	131
USC00127875.txt	256
USC00127935.txt	211
USC00128036.txt	146
USC00129080.txt	5
USC00129113.txt	62
USC00129253.txt	204
USC00129511.txt	534
USC00129557.txt	72
USC00129670.txt	77
USC00130112.txt	33
USC00130133.txt	64
USC00130600.txt	98
USC00131402.txt	30
USC00131533.txt	62
USC00131635.txt	57
USC00132724.txt	652
USC00132789.txt	57
USC00132864.txt	42
USC00132977.txt	415
USC00132999.txt	214
USC00134063.txt	165
USC00134142.txt	344
USC00134735.txt	673
USC00134894.txt	42
USC00135769.txt	409
USC00135796.txt	164
USC00135952.txt	70
USC00137147.txt	360
USC00137161.txt	248
USC00137979.txt	961
USC00138296.txt	32
USC00138688.txt	207
USC00250070.txt	164
USC00250130.txt	1104
USC00250375.txt	83
USC00250420.txt	116
USC00250435.txt	44
USC00250622.txt	35
USC00250640.txt	13
USC00251145.txt	119
USC00251200.txt	439
USC00252020.txt	455
USC00252100.txt	598
USC00252205.txt	77
USC00252820.txt	23
USC00252840.txt	103
USC00253035.txt	40
USC00253175.txt	307
USC00253185.txt	0
USC00253365.txt	28
USC00253615.txt	97
USC00253630.txt	159
USC00253660.txt	35
USC00253715.txt	443
USC00253735.txt	157
USC00253910.txt	42
USC00254110.txt	384
USC00254440.txt	43
USC00254900.txt	2186
USC00254985.txt	122
USC00255080.txt	208
USC00255310.txt	135
USC00255470.txt	112
USC00255565.txt	19
USC00256040.txt	37
USC00256135.txt	0
USC00256570.txt	716
USC00256970.txt	447
USC00257070.txt	4
USC00257515.txt	124
USC00257715.txt	76
USC00258133.txt	8
USC00258395.txt	68
USC00258465.txt	29
USC00258480.txt	109
USC00258915.txt	29
USC00259090.txt	71
USC00259510.txt	96
USC00331072.txt	39
USC00331152.txt	43
USC00331541.txt	114
USC00331592.txt	31
USC00331890.txt	15
USC00332098.txt	47
USC00332119.txt	173
USC00332791.txt	2
USC00333375.txt	28
USC00333758.txt	144
USC00333780.txt	30
USC00334189.txt	803
USC00335041.txt	604
USC00335297.txt	155
USC00335315.txt	270
USC00336118.txt	10
USC00336196.txt	42
USC00336600.txt	37
USC00336781.txt	74
USC00338313.txt	27
USC00338534.txt	386
USC00338552.txt	149
USC00338769.txt	7
USC00338822.txt	10
USC00338830.txt	340
USC00339312.txt	0
